{"C:\\Users\\erwan\\OneDrive\\Documents\\Master 1\\Clean Code\\incendie\\fire\\models\\Building.js": {"path":"C:\\Users\\erwan\\OneDrive\\Documents\\Master 1\\Clean Code\\incendie\\fire\\models\\Building.js","all":false,"statementMap":{"0":{"start":{"line":1,"column":0},"end":{"line":1,"column":13}},"1":{"start":{"line":2,"column":0},"end":{"line":2,"column":58}},"2":{"start":{"line":3,"column":0},"end":{"line":3,"column":41}},"3":{"start":{"line":4,"column":0},"end":{"line":4,"column":48}},"4":{"start":{"line":5,"column":0},"end":{"line":5,"column":91}},"5":{"start":{"line":6,"column":0},"end":{"line":6,"column":110}},"6":{"start":{"line":7,"column":0},"end":{"line":7,"column":35}},"7":{"start":{"line":8,"column":0},"end":{"line":8,"column":6}},"8":{"start":{"line":9,"column":0},"end":{"line":9,"column":28}},"9":{"start":{"line":10,"column":0},"end":{"line":10,"column":50}},"10":{"start":{"line":11,"column":0},"end":{"line":11,"column":102}},"11":{"start":{"line":12,"column":0},"end":{"line":12,"column":28}},"12":{"start":{"line":13,"column":0},"end":{"line":13,"column":47}},"13":{"start":{"line":14,"column":0},"end":{"line":14,"column":93}},"14":{"start":{"line":15,"column":0},"end":{"line":15,"column":6}},"15":{"start":{"line":16,"column":0},"end":{"line":16,"column":5}},"16":{"start":{"line":17,"column":0},"end":{"line":17,"column":26}},"17":{"start":{"line":18,"column":0},"end":{"line":18,"column":26}},"18":{"start":{"line":19,"column":0},"end":{"line":19,"column":31}},"19":{"start":{"line":20,"column":0},"end":{"line":20,"column":49}},"20":{"start":{"line":21,"column":0},"end":{"line":21,"column":32}},"21":{"start":{"line":22,"column":0},"end":{"line":22,"column":25}},"22":{"start":{"line":23,"column":0},"end":{"line":23,"column":46}},"23":{"start":{"line":24,"column":0},"end":{"line":24,"column":31}},"24":{"start":{"line":25,"column":0},"end":{"line":25,"column":21}},"25":{"start":{"line":26,"column":0},"end":{"line":26,"column":5}},"26":{"start":{"line":27,"column":0},"end":{"line":27,"column":20}},"27":{"start":{"line":28,"column":0},"end":{"line":28,"column":16}},"28":{"start":{"line":29,"column":0},"end":{"line":29,"column":28}}},"s":{"0":1,"1":1,"2":1,"3":1,"4":1,"5":1,"6":1,"7":1,"8":1,"9":1,"10":1,"11":1,"12":1,"13":1,"14":1,"15":1,"16":1,"17":1,"18":1,"19":1,"20":1,"21":1,"22":1,"23":1,"24":1,"25":1,"26":1,"27":1,"28":1},"branchMap":{"0":{"type":"branch","line":2,"loc":{"start":{"line":2,"column":17},"end":{"line":2,"column":39}},"locations":[{"start":{"line":2,"column":17},"end":{"line":2,"column":39}}]},"1":{"type":"branch","line":2,"loc":{"start":{"line":2,"column":45},"end":{"line":16,"column":4}},"locations":[{"start":{"line":2,"column":45},"end":{"line":16,"column":4}}]},"2":{"type":"branch","line":3,"loc":{"start":{"line":3,"column":24},"end":{"line":8,"column":5}},"locations":[{"start":{"line":3,"column":24},"end":{"line":8,"column":5}}]},"3":{"type":"branch","line":4,"loc":{"start":{"line":4,"column":45},"end":{"line":5,"column":88}},"locations":[{"start":{"line":4,"column":45},"end":{"line":5,"column":88}}]},"4":{"type":"branch","line":5,"loc":{"start":{"line":5,"column":88},"end":{"line":6,"column":109}},"locations":[{"start":{"line":5,"column":88},"end":{"line":6,"column":109}}]},"5":{"type":"branch","line":9,"loc":{"start":{"line":9,"column":11},"end":{"line":15,"column":5}},"locations":[{"start":{"line":9,"column":11},"end":{"line":15,"column":5}}]},"6":{"type":"branch","line":10,"loc":{"start":{"line":10,"column":35},"end":{"line":10,"column":49}},"locations":[{"start":{"line":10,"column":35},"end":{"line":10,"column":49}}]},"7":{"type":"branch","line":11,"loc":{"start":{"line":11,"column":12},"end":{"line":11,"column":102}},"locations":[{"start":{"line":11,"column":12},"end":{"line":11,"column":102}}]},"8":{"type":"branch","line":14,"loc":{"start":{"line":14,"column":32},"end":{"line":14,"column":51}},"locations":[{"start":{"line":14,"column":32},"end":{"line":14,"column":51}}]},"9":{"type":"branch","line":13,"loc":{"start":{"line":13,"column":8},"end":{"line":13,"column":47}},"locations":[{"start":{"line":13,"column":8},"end":{"line":13,"column":47}}]},"10":{"type":"branch","line":20,"loc":{"start":{"line":20,"column":30},"end":{"line":28,"column":2}},"locations":[{"start":{"line":20,"column":30},"end":{"line":28,"column":2}}]},"11":{"type":"branch","line":22,"loc":{"start":{"line":22,"column":4},"end":{"line":26,"column":5}},"locations":[{"start":{"line":22,"column":4},"end":{"line":26,"column":5}}]}},"b":{"0":[0],"1":[1],"2":[1],"3":[0],"4":[0],"5":[1],"6":[0],"7":[0],"8":[0],"9":[1],"10":[1],"11":[1]},"fnMap":{"0":{"name":"extendStatics","decl":{"start":{"line":3,"column":24},"end":{"line":8,"column":5}},"loc":{"start":{"line":3,"column":24},"end":{"line":8,"column":5}},"line":3},"1":{"name":"extendStatics","decl":{"start":{"line":5,"column":51},"end":{"line":5,"column":88}},"loc":{"start":{"line":5,"column":51},"end":{"line":5,"column":88}},"line":5},"2":{"name":"extendStatics","decl":{"start":{"line":6,"column":12},"end":{"line":6,"column":109}},"loc":{"start":{"line":6,"column":12},"end":{"line":6,"column":109}},"line":6},"3":{"name":"__","decl":{"start":{"line":13,"column":8},"end":{"line":13,"column":47}},"loc":{"start":{"line":13,"column":8},"end":{"line":13,"column":47}},"line":13},"4":{"name":"Building","decl":{"start":{"line":22,"column":4},"end":{"line":26,"column":5}},"loc":{"start":{"line":22,"column":4},"end":{"line":26,"column":5}},"line":22}},"f":{"0":1,"1":0,"2":0,"3":1,"4":1}}
,"C:\\Users\\erwan\\OneDrive\\Documents\\Master 1\\Clean Code\\incendie\\fire\\models\\Forest.js": {"path":"C:\\Users\\erwan\\OneDrive\\Documents\\Master 1\\Clean Code\\incendie\\fire\\models\\Forest.js","all":false,"statementMap":{"0":{"start":{"line":1,"column":0},"end":{"line":1,"column":13}},"1":{"start":{"line":2,"column":0},"end":{"line":2,"column":58}},"2":{"start":{"line":3,"column":0},"end":{"line":3,"column":41}},"3":{"start":{"line":4,"column":0},"end":{"line":4,"column":48}},"4":{"start":{"line":5,"column":0},"end":{"line":5,"column":91}},"5":{"start":{"line":6,"column":0},"end":{"line":6,"column":110}},"6":{"start":{"line":7,"column":0},"end":{"line":7,"column":35}},"7":{"start":{"line":8,"column":0},"end":{"line":8,"column":6}},"8":{"start":{"line":9,"column":0},"end":{"line":9,"column":28}},"9":{"start":{"line":10,"column":0},"end":{"line":10,"column":50}},"10":{"start":{"line":11,"column":0},"end":{"line":11,"column":102}},"11":{"start":{"line":12,"column":0},"end":{"line":12,"column":28}},"12":{"start":{"line":13,"column":0},"end":{"line":13,"column":47}},"13":{"start":{"line":14,"column":0},"end":{"line":14,"column":93}},"14":{"start":{"line":15,"column":0},"end":{"line":15,"column":6}},"15":{"start":{"line":16,"column":0},"end":{"line":16,"column":5}},"16":{"start":{"line":17,"column":0},"end":{"line":17,"column":26}},"17":{"start":{"line":18,"column":0},"end":{"line":18,"column":24}},"18":{"start":{"line":19,"column":0},"end":{"line":19,"column":31}},"19":{"start":{"line":20,"column":0},"end":{"line":20,"column":47}},"20":{"start":{"line":21,"column":0},"end":{"line":21,"column":30}},"21":{"start":{"line":22,"column":0},"end":{"line":22,"column":23}},"22":{"start":{"line":23,"column":0},"end":{"line":23,"column":46}},"23":{"start":{"line":24,"column":0},"end":{"line":24,"column":31}},"24":{"start":{"line":25,"column":0},"end":{"line":25,"column":21}},"25":{"start":{"line":26,"column":0},"end":{"line":26,"column":5}},"26":{"start":{"line":27,"column":0},"end":{"line":27,"column":18}},"27":{"start":{"line":28,"column":0},"end":{"line":28,"column":16}},"28":{"start":{"line":29,"column":0},"end":{"line":29,"column":24}}},"s":{"0":1,"1":1,"2":1,"3":1,"4":1,"5":1,"6":1,"7":1,"8":1,"9":1,"10":1,"11":1,"12":1,"13":1,"14":1,"15":1,"16":1,"17":1,"18":1,"19":1,"20":1,"21":1,"22":1,"23":1,"24":1,"25":1,"26":1,"27":1,"28":1},"branchMap":{"0":{"type":"branch","line":2,"loc":{"start":{"line":2,"column":17},"end":{"line":2,"column":39}},"locations":[{"start":{"line":2,"column":17},"end":{"line":2,"column":39}}]},"1":{"type":"branch","line":2,"loc":{"start":{"line":2,"column":45},"end":{"line":16,"column":4}},"locations":[{"start":{"line":2,"column":45},"end":{"line":16,"column":4}}]},"2":{"type":"branch","line":3,"loc":{"start":{"line":3,"column":24},"end":{"line":8,"column":5}},"locations":[{"start":{"line":3,"column":24},"end":{"line":8,"column":5}}]},"3":{"type":"branch","line":4,"loc":{"start":{"line":4,"column":45},"end":{"line":5,"column":88}},"locations":[{"start":{"line":4,"column":45},"end":{"line":5,"column":88}}]},"4":{"type":"branch","line":5,"loc":{"start":{"line":5,"column":88},"end":{"line":6,"column":109}},"locations":[{"start":{"line":5,"column":88},"end":{"line":6,"column":109}}]},"5":{"type":"branch","line":9,"loc":{"start":{"line":9,"column":11},"end":{"line":15,"column":5}},"locations":[{"start":{"line":9,"column":11},"end":{"line":15,"column":5}}]},"6":{"type":"branch","line":10,"loc":{"start":{"line":10,"column":35},"end":{"line":10,"column":49}},"locations":[{"start":{"line":10,"column":35},"end":{"line":10,"column":49}}]},"7":{"type":"branch","line":11,"loc":{"start":{"line":11,"column":12},"end":{"line":11,"column":102}},"locations":[{"start":{"line":11,"column":12},"end":{"line":11,"column":102}}]},"8":{"type":"branch","line":14,"loc":{"start":{"line":14,"column":32},"end":{"line":14,"column":51}},"locations":[{"start":{"line":14,"column":32},"end":{"line":14,"column":51}}]},"9":{"type":"branch","line":13,"loc":{"start":{"line":13,"column":8},"end":{"line":13,"column":47}},"locations":[{"start":{"line":13,"column":8},"end":{"line":13,"column":47}}]},"10":{"type":"branch","line":20,"loc":{"start":{"line":20,"column":28},"end":{"line":28,"column":2}},"locations":[{"start":{"line":20,"column":28},"end":{"line":28,"column":2}}]},"11":{"type":"branch","line":22,"loc":{"start":{"line":22,"column":4},"end":{"line":26,"column":5}},"locations":[{"start":{"line":22,"column":4},"end":{"line":26,"column":5}}]}},"b":{"0":[0],"1":[1],"2":[1],"3":[0],"4":[0],"5":[1],"6":[0],"7":[0],"8":[0],"9":[1],"10":[1],"11":[1]},"fnMap":{"0":{"name":"extendStatics","decl":{"start":{"line":3,"column":24},"end":{"line":8,"column":5}},"loc":{"start":{"line":3,"column":24},"end":{"line":8,"column":5}},"line":3},"1":{"name":"extendStatics","decl":{"start":{"line":5,"column":51},"end":{"line":5,"column":88}},"loc":{"start":{"line":5,"column":51},"end":{"line":5,"column":88}},"line":5},"2":{"name":"extendStatics","decl":{"start":{"line":6,"column":12},"end":{"line":6,"column":109}},"loc":{"start":{"line":6,"column":12},"end":{"line":6,"column":109}},"line":6},"3":{"name":"__","decl":{"start":{"line":13,"column":8},"end":{"line":13,"column":47}},"loc":{"start":{"line":13,"column":8},"end":{"line":13,"column":47}},"line":13},"4":{"name":"Forest","decl":{"start":{"line":22,"column":4},"end":{"line":26,"column":5}},"loc":{"start":{"line":22,"column":4},"end":{"line":26,"column":5}},"line":22}},"f":{"0":1,"1":0,"2":0,"3":1,"4":1}}
,"C:\\Users\\erwan\\OneDrive\\Documents\\Master 1\\Clean Code\\incendie\\fire\\models\\Plot.js": {"path":"C:\\Users\\erwan\\OneDrive\\Documents\\Master 1\\Clean Code\\incendie\\fire\\models\\Plot.js","all":false,"statementMap":{"0":{"start":{"line":1,"column":0},"end":{"line":1,"column":13}},"1":{"start":{"line":2,"column":0},"end":{"line":2,"column":26}},"2":{"start":{"line":3,"column":0},"end":{"line":3,"column":22}},"3":{"start":{"line":4,"column":0},"end":{"line":4,"column":39}},"4":{"start":{"line":5,"column":0},"end":{"line":5,"column":21}},"5":{"start":{"line":6,"column":0},"end":{"line":6,"column":5}},"6":{"start":{"line":7,"column":0},"end":{"line":7,"column":16}},"7":{"start":{"line":8,"column":0},"end":{"line":8,"column":5}},"8":{"start":{"line":9,"column":0},"end":{"line":9,"column":20}}},"s":{"0":1,"1":1,"2":1,"3":1,"4":1,"5":2,"6":1,"7":1,"8":1},"branchMap":{"0":{"type":"branch","line":4,"loc":{"start":{"line":4,"column":26},"end":{"line":8,"column":4}},"locations":[{"start":{"line":4,"column":26},"end":{"line":8,"column":4}}]},"1":{"type":"branch","line":5,"loc":{"start":{"line":5,"column":4},"end":{"line":6,"column":5}},"locations":[{"start":{"line":5,"column":4},"end":{"line":6,"column":5}}]}},"b":{"0":[1],"1":[2]},"fnMap":{"0":{"name":"Plot","decl":{"start":{"line":5,"column":4},"end":{"line":6,"column":5}},"loc":{"start":{"line":5,"column":4},"end":{"line":6,"column":5}},"line":5}},"f":{"0":2}}
}
