TN:
SF:models\Building.js
FN:3,extendStatics
FN:5,extendStatics
FN:6,extendStatics
FN:13,__
FN:22,Building
FNF:5
FNH:3
FNDA:1,extendStatics
FNDA:0,extendStatics
FNDA:0,extendStatics
FNDA:1,__
FNDA:1,Building
DA:1,1
DA:2,1
DA:3,1
DA:4,1
DA:5,1
DA:6,1
DA:7,1
DA:8,1
DA:9,1
DA:10,1
DA:11,1
DA:12,1
DA:13,1
DA:14,1
DA:15,1
DA:16,1
DA:17,1
DA:18,1
DA:19,1
DA:20,1
DA:21,1
DA:22,1
DA:23,1
DA:24,1
DA:25,1
DA:26,1
DA:27,1
DA:28,1
DA:29,1
LF:29
LH:29
BRDA:2,0,0,0
BRDA:2,1,0,1
BRDA:3,2,0,1
BRDA:4,3,0,0
BRDA:5,4,0,0
BRDA:9,5,0,1
BRDA:10,6,0,0
BRDA:11,7,0,0
BRDA:14,8,0,0
BRDA:13,9,0,1
BRDA:20,10,0,1
BRDA:22,11,0,1
BRF:12
BRH:6
end_of_record
TN:
SF:models\Forest.js
FN:3,extendStatics
FN:5,extendStatics
FN:6,extendStatics
FN:13,__
FN:22,Forest
FNF:5
FNH:3
FNDA:1,extendStatics
FNDA:0,extendStatics
FNDA:0,extendStatics
FNDA:1,__
FNDA:1,Forest
DA:1,1
DA:2,1
DA:3,1
DA:4,1
DA:5,1
DA:6,1
DA:7,1
DA:8,1
DA:9,1
DA:10,1
DA:11,1
DA:12,1
DA:13,1
DA:14,1
DA:15,1
DA:16,1
DA:17,1
DA:18,1
DA:19,1
DA:20,1
DA:21,1
DA:22,1
DA:23,1
DA:24,1
DA:25,1
DA:26,1
DA:27,1
DA:28,1
DA:29,1
LF:29
LH:29
BRDA:2,0,0,0
BRDA:2,1,0,1
BRDA:3,2,0,1
BRDA:4,3,0,0
BRDA:5,4,0,0
BRDA:9,5,0,1
BRDA:10,6,0,0
BRDA:11,7,0,0
BRDA:14,8,0,0
BRDA:13,9,0,1
BRDA:20,10,0,1
BRDA:22,11,0,1
BRF:12
BRH:6
end_of_record
TN:
SF:models\Plot.js
FN:5,Plot
FNF:1
FNH:1
FNDA:2,Plot
DA:1,1
DA:2,1
DA:3,1
DA:4,1
DA:5,1
DA:6,2
DA:7,1
DA:8,1
DA:9,1
LF:9
LH:9
BRDA:4,0,0,1
BRDA:5,1,0,2
BRF:2
BRH:2
end_of_record
